<?xml version="1.0" encoding="UTF-8"?>
<!-- Generated by org.testng.reporters.JUnitXMLReporter -->
<testsuite hostname="laddu" ignored="0" name="Chromecase" tests="3" failures="0" timestamp="03 Aug 2019 05:16:31 GMT" time="67.703" errors="0">
  <testcase name="VerifyTitlepage" time="4.468" classname="Gridworking.GridParallelexecution"/>
  <testcase name="alert" time="16.794" classname="project_saaho.alerttest"/>
  <testcase name="login" time="12.734" classname="project_saaho.gmail"/>
</testsuite> <!-- Chromecase -->
