<?xml version="1.0" encoding="UTF-8"?>
<!-- Generated by org.testng.reporters.JUnitXMLReporter -->
<testsuite hostname="laddu" ignored="0" name="FFCase" tests="3" failures="0" timestamp="03 Aug 2019 05:15:23 GMT" time="79.605" errors="0">
  <testcase name="VerifyTitlepage" time="11.472" classname="Gridworking.GridParallelexecution"/>
  <testcase name="alert" time="17.924" classname="project_saaho.alerttest"/>
  <testcase name="login" time="12.542" classname="project_saaho.gmail"/>
</testsuite> <!-- FFCase -->
